<?xml version="1.0" encoding="UTF-8"?>
<!-- Generated by org.testng.reporters.JUnitXMLReporter -->
<testsuite hostname="Stormy-PC" ignored="2" name="Default test" tests="1" failures="0" timestamp="2019-11-29T21:18:54 ICT" time="31.68" errors="0">
  <testcase name="failedLogin" time="20.799" classname="test.LoginTest"/>
  <testcase name="login" time="0.0" classname="test.LoginTest">
    <ignored/>
  </testcase> <!-- login -->
  <testcase name="guestLogin" time="0.0" classname="test.LoginTest">
    <ignored/>
  </testcase> <!-- guestLogin -->
</testsuite> <!-- Default test -->
