<?xml version="1.0" encoding="UTF-8"?>
<!-- Generated by org.testng.reporters.JUnitXMLReporter -->
<testsuite hostname="Stormy-PC" ignored="0" name="Default test" tests="4" failures="0" timestamp="2019-11-20T18:59:21 ICT" time="7.965" errors="0">
  <testcase name="guestLogin" time="2.742" classname="Package.HocTrucTuyenTest"/>
  <testcase name="login" time="2.766" classname="Package.HocTrucTuyenTest"/>
  <testcase name="invalidUser" time="1.543" classname="Package.HocTrucTuyenTest"/>
  <testcase name="invalidPassword" time="0.88" classname="Package.HocTrucTuyenTest"/>
</testsuite> <!-- Default test -->
