<?xml version="1.0" encoding="UTF-8"?>
<testng-results skipped="0" failed="0" ignored="0" total="1" passed="1">
  <reporter-output>
  </reporter-output>
  <suite name="Default suite" duration-ms="19085" started-at="2019-11-29T19:30:25 ICT" finished-at="2019-11-29T19:30:44 ICT">
    <groups>
    </groups>
    <test name="Default test" duration-ms="19085" started-at="2019-11-29T19:30:25 ICT" finished-at="2019-11-29T19:30:44 ICT">
      <class name="test.LoginTest">
        <test-method status="PASS" signature="init()[pri:0, instance:test.LoginTest@627551fb]" name="init" is-config="true" duration-ms="8843" started-at="2019-11-29T19:30:25 ICT" finished-at="2019-11-29T19:30:34 ICT">
          <reporter-output>
          </reporter-output>
        </test-method> <!-- init -->
        <test-method status="PASS" signature="login()[pri:1, instance:test.LoginTest@627551fb]" name="login" duration-ms="6448" started-at="2019-11-29T19:30:34 ICT" finished-at="2019-11-29T19:30:41 ICT">
          <reporter-output>
          </reporter-output>
        </test-method> <!-- login -->
        <test-method status="PASS" signature="quit()[pri:0, instance:test.LoginTest@627551fb]" name="quit" is-config="true" duration-ms="3752" started-at="2019-11-29T19:30:41 ICT" finished-at="2019-11-29T19:30:44 ICT">
          <reporter-output>
          </reporter-output>
        </test-method> <!-- quit -->
      </class> <!-- test.LoginTest -->
    </test> <!-- Default test -->
  </suite> <!-- Default suite -->
</testng-results>
